C:\USERS\ZEE\DOCUMENTS\VISUAL STUDIO 2010\PROJECTS\SIMPLECAB\DEBUG\SIMPLECAB.EXE
C:\USERS\ZEE\DOCUMENTS\VISUAL STUDIO 2010\PROJECTS\SIMPLECAB\DEBUG\SIMPLECAB.ILK
C:\USERS\ZEE\DOCUMENTS\VISUAL STUDIO 2010\PROJECTS\SIMPLECAB\DEBUG\SIMPLECAB.PDB
c:\Users\zee\documents\visual studio 2010\Projects\simplecab\simplecab\Debug\cl.command.1.tlog
c:\Users\zee\documents\visual studio 2010\Projects\simplecab\simplecab\Debug\CL.read.1.tlog
c:\Users\zee\documents\visual studio 2010\Projects\simplecab\simplecab\Debug\CL.write.1.tlog
c:\Users\zee\documents\visual studio 2010\Projects\simplecab\simplecab\Debug\link.10920.read.1.tlog
c:\Users\zee\documents\visual studio 2010\Projects\simplecab\simplecab\Debug\link.10920.write.1.tlog
c:\Users\zee\documents\visual studio 2010\Projects\simplecab\simplecab\Debug\link.10920-cvtres.read.1.tlog
c:\Users\zee\documents\visual studio 2010\Projects\simplecab\simplecab\Debug\link.10920-cvtres.write.1.tlog
c:\Users\zee\documents\visual studio 2010\Projects\simplecab\simplecab\Debug\link.command.1.tlog
c:\Users\zee\documents\visual studio 2010\Projects\simplecab\simplecab\Debug\link.read.1.tlog
c:\Users\zee\documents\visual studio 2010\Projects\simplecab\simplecab\Debug\link.write.1.tlog
c:\Users\zee\documents\visual studio 2010\Projects\simplecab\simplecab\Debug\link-cvtres.read.1.tlog
c:\Users\zee\documents\visual studio 2010\Projects\simplecab\simplecab\Debug\link-cvtres.write.1.tlog
c:\Users\zee\documents\visual studio 2010\Projects\simplecab\simplecab\Debug\mt.command.1.tlog
c:\Users\zee\documents\visual studio 2010\Projects\simplecab\simplecab\Debug\mt.read.1.tlog
c:\Users\zee\documents\visual studio 2010\Projects\simplecab\simplecab\Debug\mt.write.1.tlog
c:\Users\zee\documents\visual studio 2010\Projects\simplecab\simplecab\Debug\rc.command.1.tlog
c:\Users\zee\documents\visual studio 2010\Projects\simplecab\simplecab\Debug\rc.read.1.tlog
c:\Users\zee\documents\visual studio 2010\Projects\simplecab\simplecab\Debug\rc.write.1.tlog
C:\USERS\ZEE\DOCUMENTS\VISUAL STUDIO 2010\PROJECTS\SIMPLECAB\SIMPLECAB\DEBUG\SIMPLECAB.EXE.EMBED.MANIFEST
C:\USERS\ZEE\DOCUMENTS\VISUAL STUDIO 2010\PROJECTS\SIMPLECAB\SIMPLECAB\DEBUG\SIMPLECAB.EXE.EMBED.MANIFEST.RES
C:\USERS\ZEE\DOCUMENTS\VISUAL STUDIO 2010\PROJECTS\SIMPLECAB\SIMPLECAB\DEBUG\SIMPLECAB.EXE.INTERMEDIATE.MANIFEST
C:\USERS\ZEE\DOCUMENTS\VISUAL STUDIO 2010\PROJECTS\SIMPLECAB\SIMPLECAB\DEBUG\SIMPLECAB.OBJ
C:\USERS\ZEE\DOCUMENTS\VISUAL STUDIO 2010\PROJECTS\SIMPLECAB\SIMPLECAB\DEBUG\SIMPLECAB.PCH
c:\Users\zee\documents\visual studio 2010\Projects\simplecab\simplecab\Debug\simplecab.vcxprojResolveAssemblyReference.cache
c:\Users\zee\documents\visual studio 2010\Projects\simplecab\simplecab\Debug\simplecab.write.1.tlog
c:\Users\zee\documents\visual studio 2010\Projects\simplecab\simplecab\Debug\simplecab_manifest.rc
C:\USERS\ZEE\DOCUMENTS\VISUAL STUDIO 2010\PROJECTS\SIMPLECAB\SIMPLECAB\DEBUG\STDAFX.OBJ
c:\Users\zee\documents\visual studio 2010\Projects\simplecab\simplecab\Debug\vc100.idb
C:\USERS\ZEE\DOCUMENTS\VISUAL STUDIO 2010\PROJECTS\SIMPLECAB\SIMPLECAB\DEBUG\VC100.PDB
