C:\USERS\ZEE\DOCUMENTS\VISUAL STUDIO 2010\PROJECTS\BACKCODE\ORIGINAL\CODE280714\CODE170614\SIMPLECAB\RELEASE\SIMPLECAB.EXE
C:\USERS\ZEE\DOCUMENTS\VISUAL STUDIO 2010\PROJECTS\BACKCODE\ORIGINAL\CODE280714\CODE170614\SIMPLECAB\RELEASE\SIMPLECAB.PDB
C:\Users\zee\Documents\Visual Studio 2010\Projects\backcode\Original\code280714\code170614\simplecab\simplecab\Release\cl.command.1.tlog
C:\Users\zee\Documents\Visual Studio 2010\Projects\backcode\Original\code280714\code170614\simplecab\simplecab\Release\CL.read.1.tlog
C:\Users\zee\Documents\Visual Studio 2010\Projects\backcode\Original\code280714\code170614\simplecab\simplecab\Release\CL.write.1.tlog
C:\USERS\ZEE\DOCUMENTS\VISUAL STUDIO 2010\PROJECTS\BACKCODE\ORIGINAL\CODE280714\CODE170614\SIMPLECAB\SIMPLECAB\RELEASE\CUPBOARD.OBJ
C:\USERS\ZEE\DOCUMENTS\VISUAL STUDIO 2010\PROJECTS\BACKCODE\ORIGINAL\CODE280714\CODE170614\SIMPLECAB\SIMPLECAB\RELEASE\DOOR.OBJ
C:\Users\zee\Documents\Visual Studio 2010\Projects\backcode\Original\code280714\code170614\simplecab\simplecab\Release\link.command.1.tlog
C:\Users\zee\Documents\Visual Studio 2010\Projects\backcode\Original\code280714\code170614\simplecab\simplecab\Release\link.read.1.tlog
C:\Users\zee\Documents\Visual Studio 2010\Projects\backcode\Original\code280714\code170614\simplecab\simplecab\Release\link.write.1.tlog
C:\Users\zee\Documents\Visual Studio 2010\Projects\backcode\Original\code280714\code170614\simplecab\simplecab\Release\mt.command.1.tlog
C:\Users\zee\Documents\Visual Studio 2010\Projects\backcode\Original\code280714\code170614\simplecab\simplecab\Release\mt.read.1.tlog
C:\Users\zee\Documents\Visual Studio 2010\Projects\backcode\Original\code280714\code170614\simplecab\simplecab\Release\mt.write.1.tlog
C:\USERS\ZEE\DOCUMENTS\VISUAL STUDIO 2010\PROJECTS\BACKCODE\ORIGINAL\CODE280714\CODE170614\SIMPLECAB\SIMPLECAB\RELEASE\OBJECTINFO.OBJ
C:\USERS\ZEE\DOCUMENTS\VISUAL STUDIO 2010\PROJECTS\BACKCODE\ORIGINAL\CODE280714\CODE170614\SIMPLECAB\SIMPLECAB\RELEASE\RFIDTAG.OBJ
C:\USERS\ZEE\DOCUMENTS\VISUAL STUDIO 2010\PROJECTS\BACKCODE\ORIGINAL\CODE280714\CODE170614\SIMPLECAB\SIMPLECAB\RELEASE\SHELF.OBJ
C:\USERS\ZEE\DOCUMENTS\VISUAL STUDIO 2010\PROJECTS\BACKCODE\ORIGINAL\CODE280714\CODE170614\SIMPLECAB\SIMPLECAB\RELEASE\SIMPLECAB.EXE.INTERMEDIATE.MANIFEST
C:\USERS\ZEE\DOCUMENTS\VISUAL STUDIO 2010\PROJECTS\BACKCODE\ORIGINAL\CODE280714\CODE170614\SIMPLECAB\SIMPLECAB\RELEASE\SIMPLECAB.OBJ
C:\USERS\ZEE\DOCUMENTS\VISUAL STUDIO 2010\PROJECTS\BACKCODE\ORIGINAL\CODE280714\CODE170614\SIMPLECAB\SIMPLECAB\RELEASE\SIMPLECAB.PCH
C:\Users\zee\Documents\Visual Studio 2010\Projects\backcode\Original\code280714\code170614\simplecab\simplecab\Release\simplecab.vcxprojResolveAssemblyReference.cache
C:\Users\zee\Documents\Visual Studio 2010\Projects\backcode\Original\code280714\code170614\simplecab\simplecab\Release\simplecab.write.1.tlog
C:\USERS\ZEE\DOCUMENTS\VISUAL STUDIO 2010\PROJECTS\BACKCODE\ORIGINAL\CODE280714\CODE170614\SIMPLECAB\SIMPLECAB\RELEASE\STDAFX.OBJ
C:\USERS\ZEE\DOCUMENTS\VISUAL STUDIO 2010\PROJECTS\BACKCODE\ORIGINAL\CODE280714\CODE170614\SIMPLECAB\SIMPLECAB\RELEASE\TAGITEM.OBJ
C:\USERS\ZEE\DOCUMENTS\VISUAL STUDIO 2010\PROJECTS\BACKCODE\ORIGINAL\CODE280714\CODE170614\SIMPLECAB\SIMPLECAB\RELEASE\VC100.PDB
