Build started 15.1.2017 9:59:22.
     1>Project "C:\Users\user\Documents\Visual Studio 2010\Projects\simplecab\simplecab\simplecab.vcxproj" on node 2 (build target(s)).
     1>InitializeBuildStatus:
         Creating "Release\simplecab.unsuccessfulbuild" because "AlwaysCreate" was specified.
       ClCompile:
         c:\Program Files (x86)\Microsoft Visual Studio 10.0\VC\bin\CL.exe /c /IC:\opencv\build\include /I"C:\Program Files\MySQL\MySQL Server 5.6\include" /I"C:\Program Files\MySQL\MySQL Connector C++ 1.1.3\include" /I"C:\Program Files\MySQL\MySQL Connector C++ 1.1.3\include\cppconn" /I"D:\NAIST work\FujLatestCode\mysql-5.6.13-winx64\mysql64\include" /I"D:\NAIST work2014\windows7\\" /Zi /nologo /W3 /WX- /O2 /Oi /Oy- /GL /D WIN32 /D NDEBUG /D _CONSOLE /D _UNICODE /D UNICODE /Gm- /EHsc /MD /GS /Gy /fp:precise /Zc:wchar_t /Zc:forScope /Yc"StdAfx.h" /Fp"Release\simplecab.pch" /Fo"Release\\" /Fd"Release\vc100.pdb" /Gd /TP /analyze- /errorReport:prompt stdafx.cpp
         stdafx.cpp
         c:\Program Files (x86)\Microsoft Visual Studio 10.0\VC\bin\CL.exe /c /IC:\opencv\build\include /I"C:\Program Files\MySQL\MySQL Server 5.6\include" /I"C:\Program Files\MySQL\MySQL Connector C++ 1.1.3\include" /I"C:\Program Files\MySQL\MySQL Connector C++ 1.1.3\include\cppconn" /I"D:\NAIST work\FujLatestCode\mysql-5.6.13-winx64\mysql64\include" /I"D:\NAIST work2014\windows7\\" /Zi /nologo /W3 /WX- /O2 /Oi /Oy- /GL /D WIN32 /D NDEBUG /D _CONSOLE /D _UNICODE /D UNICODE /Gm- /EHsc /MD /GS /Gy /fp:precise /Zc:wchar_t /Zc:forScope /Fo"Release\\" /Fd"Release\vc100.pdb" /Gd /TP /analyze- /errorReport:prompt Cupboard.cpp Door.cpp objectInfo.cpp RFIDTag.cpp Shelf.cpp simplecab.cpp TagItem.cpp
         Cupboard.cpp
     1>c:\users\user\documents\visual studio 2010\projects\simplecab\simplecab\Cupboard.h(21): fatal error C1083: Cannot open include file: 'opencv2/core/core.hpp': No such file or directory
         Door.cpp
     1>c:\users\user\documents\visual studio 2010\projects\simplecab\simplecab\Cupboard.h(21): fatal error C1083: Cannot open include file: 'opencv2/core/core.hpp': No such file or directory
         objectInfo.cpp
     1>c:\users\user\documents\visual studio 2010\projects\simplecab\simplecab\ObjectInfo.h(37): fatal error C1083: Cannot open include file: 'mysql_connection.h': No such file or directory
         RFIDTag.cpp
     1>c:\users\user\documents\visual studio 2010\projects\simplecab\simplecab\RFIDTag.h(22): fatal error C1083: Cannot open include file: 'opencv2/core/core.hpp': No such file or directory
         Shelf.cpp
     1>c:\users\user\documents\visual studio 2010\projects\simplecab\simplecab\Cupboard.h(21): fatal error C1083: Cannot open include file: 'opencv2/core/core.hpp': No such file or directory
         simplecab.cpp
     1>simplecab.cpp(39): fatal error C1083: Cannot open include file: 'opencv2/core/core.hpp': No such file or directory
         TagItem.cpp
     1>c:\users\user\documents\visual studio 2010\projects\simplecab\simplecab\Cupboard.h(21): fatal error C1083: Cannot open include file: 'opencv2/core/core.hpp': No such file or directory
     1>Done Building Project "C:\Users\user\Documents\Visual Studio 2010\Projects\simplecab\simplecab\simplecab.vcxproj" (build target(s)) -- FAILED.

Build FAILED.

Time Elapsed 00:00:03.45
